<?xml version="1.0" encoding="UTF-8"?>
<testng-results ignored="0" total="1" passed="0" failed="1" skipped="0">
  <reporter-output>
    <line>
      <![CDATA[User has logged in successfully]]>
    </line>
  </reporter-output>
  <suite started-at="2024-07-19T00:17:52 IST" name="Default suite" finished-at="2024-07-19T00:18:26 IST" duration-ms="34042">
    <groups>
      <group name="system">
        <method signature="TC_DWS_003_Test.logout(java.lang.reflect.Method)[pri:0, instance:logout.TC_DWS_003_Test@3a7442c7]" name="logout" class="logout.TC_DWS_003_Test"/>
      </group> <!-- system -->
    </groups>
    <test started-at="2024-07-19T00:17:52 IST" name="Default test" finished-at="2024-07-19T00:18:26 IST" duration-ms="34042">
      <class name="logout.TC_DWS_003_Test">
        <test-method is-config="true" signature="configReport()[pri:0, instance:logout.TC_DWS_003_Test@3a7442c7]" started-at="2024-07-19T00:17:52 IST" name="configReport" finished-at="2024-07-19T00:17:52 IST" duration-ms="667" status="PASS">
          <reporter-output>
          </reporter-output>
        </test-method> <!-- configReport -->
        <test-method is-config="true" signature="launchBrowser(java.lang.String)[pri:0, instance:logout.TC_DWS_003_Test@3a7442c7]" started-at="2024-07-19T00:17:52 IST" name="launchBrowser" finished-at="2024-07-19T00:18:01 IST" duration-ms="9091" status="PASS">
          <params>
            <param index="0">
              <value>
                <![CDATA[chrome]]>
              </value>
            </param>
          </params>
          <reporter-output>
          </reporter-output>
        </test-method> <!-- launchBrowser -->
        <test-method is-config="true" signature="login(java.lang.reflect.Method)[pri:0, instance:logout.TC_DWS_003_Test@3a7442c7]" started-at="2024-07-19T00:18:01 IST" name="login" finished-at="2024-07-19T00:18:21 IST" duration-ms="19440" status="PASS">
          <params>
            <param index="0">
              <value>
                <![CDATA[public void logout.TC_DWS_003_Test.logout(java.lang.reflect.Method)]]>
              </value>
            </param>
          </params>
          <reporter-output>
            <line>
              <![CDATA[User has logged in successfully]]>
            </line>
          </reporter-output>
        </test-method> <!-- login -->
        <test-method signature="logout(java.lang.reflect.Method)[pri:0, instance:logout.TC_DWS_003_Test@3a7442c7]" started-at="2024-07-19T00:18:21 IST" name="logout" finished-at="2024-07-19T00:18:23 IST" duration-ms="2080" status="FAIL">
          <params>
            <param index="0">
              <value>
                <![CDATA[public void logout.TC_DWS_003_Test.logout(java.lang.reflect.Method)]]>
              </value>
            </param>
          </params>
          <exception class="java.lang.AssertionError">
            <message>
              <![CDATA[Failed to add product expected [true] but found [false]]]>
            </message>
            <full-stacktrace>
              <![CDATA[java.lang.AssertionError: Failed to add product expected [true] but found [false]
at org.testng.Assert.fail(Assert.java:110)
at org.testng.Assert.failNotEquals(Assert.java:1577)
at org.testng.Assert.assertEqualsImpl(Assert.java:149)
at org.testng.Assert.assertEquals(Assert.java:131)
at org.testng.Assert.assertEquals(Assert.java:1066)
at org.testng.Assert.assertEquals(Assert.java:1030)
at logout.TC_DWS_003_Test.logout(TC_DWS_003_Test.java:23)
at java.base/jdk.internal.reflect.NativeMethodAccessorImpl.invoke0(Native Method)
at java.base/jdk.internal.reflect.NativeMethodAccessorImpl.invoke(NativeMethodAccessorImpl.java:77)
at java.base/jdk.internal.reflect.DelegatingMethodAccessorImpl.invoke(DelegatingMethodAccessorImpl.java:43)
at java.base/java.lang.reflect.Method.invoke(Method.java:568)
at org.testng.internal.invokers.MethodInvocationHelper.invokeMethod(MethodInvocationHelper.java:139)
at org.testng.internal.invokers.TestInvoker.invokeMethod(TestInvoker.java:677)
at org.testng.internal.invokers.TestInvoker.invokeTestMethod(TestInvoker.java:221)
at org.testng.internal.invokers.MethodRunner.runInSequence(MethodRunner.java:50)
at org.testng.internal.invokers.TestInvoker$MethodInvocationAgent.invoke(TestInvoker.java:969)
at org.testng.internal.invokers.TestInvoker.invokeTestMethods(TestInvoker.java:194)
at org.testng.internal.invokers.TestMethodWorker.invokeTestMethods(TestMethodWorker.java:148)
at org.testng.internal.invokers.TestMethodWorker.run(TestMethodWorker.java:128)
at java.base/java.util.ArrayList.forEach(ArrayList.java:1511)
at org.testng.TestRunner.privateRun(TestRunner.java:829)
at org.testng.TestRunner.run(TestRunner.java:602)
at org.testng.SuiteRunner.runTest(SuiteRunner.java:437)
at org.testng.SuiteRunner.runSequentially(SuiteRunner.java:431)
at org.testng.SuiteRunner.privateRun(SuiteRunner.java:391)
at org.testng.SuiteRunner.run(SuiteRunner.java:330)
at org.testng.SuiteRunnerWorker.runSuite(SuiteRunnerWorker.java:52)
at org.testng.SuiteRunnerWorker.run(SuiteRunnerWorker.java:95)
at org.testng.TestNG.runSuitesSequentially(TestNG.java:1256)
at org.testng.TestNG.runSuitesLocally(TestNG.java:1176)
at org.testng.TestNG.runSuites(TestNG.java:1099)
at org.testng.TestNG.run(TestNG.java:1067)
at org.testng.remote.AbstractRemoteTestNG.run(AbstractRemoteTestNG.java:115)
at org.testng.remote.RemoteTestNG.initAndRun(RemoteTestNG.java:251)
at org.testng.remote.RemoteTestNG.main(RemoteTestNG.java:77)
]]>
            </full-stacktrace>
          </exception> <!-- java.lang.AssertionError -->
          <reporter-output>
          </reporter-output>
        </test-method> <!-- logout -->
        <test-method is-config="true" signature="closeBrowser()[pri:0, instance:logout.TC_DWS_003_Test@3a7442c7]" started-at="2024-07-19T00:18:23 IST" name="closeBrowser" finished-at="2024-07-19T00:18:26 IST" duration-ms="2889" status="PASS">
          <reporter-output>
          </reporter-output>
        </test-method> <!-- closeBrowser -->
        <test-method is-config="true" signature="reportBackup()[pri:0, instance:logout.TC_DWS_003_Test@3a7442c7]" started-at="2024-07-19T00:18:26 IST" name="reportBackup" finished-at="2024-07-19T00:18:27 IST" duration-ms="937" status="PASS">
          <reporter-output>
          </reporter-output>
        </test-method> <!-- reportBackup -->
      </class> <!-- logout.TC_DWS_003_Test -->
    </test> <!-- Default test -->
  </suite> <!-- Default suite -->
</testng-results>
